<?xml version="1.0" encoding="UTF-8"?>
<!-- Generated by org.testng.reporters.JUnitReportReporter -->
<testsuite hostname="DESKTOP-BOVT23J" failures="0" tests="1" name="TestCases.TC_001" time="4.045" errors="0" timestamp="2021-03-23T17:06:25 IST" skipped="0">
  <testcase classname="TestCases.TC_001" name="test" time="4.045"/>
  <system-out/>
</testsuite> <!-- TestCases.TC_001 -->
